Copyright 1986-2018 Xilinx, Inc. All Rights Reserved.
--------------------------------------------------------------------------------------------------------------------------------------------------------------
| Tool Version : Vivado v.2018.2 (win64) Build 2258646 Thu Jun 14 20:03:12 MDT 2018
| Date         : Fri Oct 18 23:44:23 2024
| Host         : DESKTOP-73GQ920 running 64-bit major release  (build 9200)
| Command      : report_methodology -file ALU_8bit_methodology_drc_routed.rpt -pb ALU_8bit_methodology_drc_routed.pb -rpx ALU_8bit_methodology_drc_routed.rpx
| Design       : ALU_8bit
| Device       : xc7a35tcpg236-3
| Speed File   : -3
| Design State : Routed
--------------------------------------------------------------------------------------------------------------------------------------------------------------

Report Methodology

Table of Contents
-----------------
1. REPORT SUMMARY
2. REPORT DETAILS

1. REPORT SUMMARY
-----------------
            Netlist: netlist
          Floorplan: design_1
      Design limits: <entire design considered>
             Max violations: <unlimited>
             Violations found: 0
+------+----------+-------------+------------+
| Rule | Severity | Description | Violations |
+------+----------+-------------+------------+
+------+----------+-------------+------------+

2. REPORT DETAILS
-----------------

